<?xml version="1.0" encoding="UTF-8"?>
<testsuite name="com.moringaschool.myrestaurants.MainActivityTest" tests="1" skipped="0" failures="0" errors="0" timestamp="2022-02-22T13:57:15" hostname="mohameds-MacBook-Air.local" time="15.898">
  <properties/>
  <testcase name="secondActivityStarted" classname="com.moringaschool.myrestaurants.MainActivityTest" time="15.898"/>
  <system-out><![CDATA[]]></system-out>
  <system-err><![CDATA[]]></system-err>
</testsuite>
